2016-11-04 11:43:18 [127.0.0.1][-][ctov7bgksbg6qgbvcuspv6dco3][error][yii\web\HttpException:404] exception 'yii\base\InvalidRouteException' with message 'Unable to resolve the request "user/index".' in D:\php\home\advanced\vendor\yiisoft\yii2\base\Module.php:461
Stack trace:
#0 D:\php\home\advanced\vendor\yiisoft\yii2\web\Application.php(84): yii\base\Module->runAction('user/index', Array)
#1 D:\php\home\advanced\vendor\yiisoft\yii2\base\Application.php(375): yii\web\Application->handleRequest(Object(yii\web\Request))
#2 D:\php\home\advanced\frontend\web\admin.php(18): yii\base\Application->run()
#3 {main}

Next exception 'yii\web\NotFoundHttpException' with message 'Page not found.' in D:\php\home\advanced\vendor\yiisoft\yii2\web\Application.php:96
Stack trace:
#0 D:\php\home\advanced\vendor\yiisoft\yii2\base\Application.php(375): yii\web\Application->handleRequest(Object(yii\web\Request))
#1 D:\php\home\advanced\frontend\web\admin.php(18): yii\base\Application->run()
#2 {main}
2016-11-04 11:43:18 [127.0.0.1][-][ctov7bgksbg6qgbvcuspv6dco3][info][application] $_GET = [
    'r' => 'user/index'
]

$_COOKIE = [
    'PHPSESSID' => 'ctov7bgksbg6qgbvcuspv6dco3'
    '_csrf' => '7d2085937e31db5cbbdb302b41e902b948885036fe9c0c9e39cd008e5058bb8ea:2:{i:0;s:5:\"_csrf\";i:1;s:32:\"BO6tUXpMv_AOf5AqEYMbe08iGyqKi5YV\";}'
    'CNZZDATA155540' => 'cnzz_eid=969436072-1478224078-&ntime=1478229478'
]

$_SESSION = [
    '__flash' => []
]

$_SERVER = [
    'HTTP_HOST' => 'www.php.com'
    'HTTP_USER_AGENT' => 'Mozilla/5.0 (Windows NT 10.0; WOW64; rv:49.0) Gecko/20100101 Firefox/49.0'
    'HTTP_ACCEPT' => 'text/html,application/xhtml+xml,application/xml;q=0.9,*/*;q=0.8'
    'HTTP_ACCEPT_LANGUAGE' => 'zh-CN,zh;q=0.8,en-US;q=0.5,en;q=0.3'
    'HTTP_ACCEPT_ENCODING' => 'gzip, deflate'
    'HTTP_COOKIE' => 'PHPSESSID=ctov7bgksbg6qgbvcuspv6dco3; _csrf=7d2085937e31db5cbbdb302b41e902b948885036fe9c0c9e39cd008e5058bb8ea%3A2%3A%7Bi%3A0%3Bs%3A5%3A%22_csrf%22%3Bi%3A1%3Bs%3A32%3A%22BO6tUXpMv_AOf5AqEYMbe08iGyqKi5YV%22%3B%7D; CNZZDATA155540=cnzz_eid%3D969436072-1478224078-%26ntime%3D1478229478'
    'HTTP_CONNECTION' => 'keep-alive'
    'HTTP_UPGRADE_INSECURE_REQUESTS' => '1'
    'PATH' => 'D:\\web\\PHP\\;C:\\Program Files (x86)\\Intel\\iCLS Client\\;C:\\Program Files\\Intel\\iCLS Client\\;C:\\WINDOWS\\system32;C:\\WINDOWS;C:\\WINDOWS\\System32\\Wbem;C:\\WINDOWS\\System32\\WindowsPowerShell\\v1.0\\;C:\\Program Files (x86)\\Intel\\Intel(R) Management Engine Components\\DAL;C:\\Program Files\\Intel\\Intel(R) Management Engine Components\\DAL;C:\\Program Files (x86)\\Intel\\Intel(R) Management Engine Components\\IPT;C:\\Program Files\\Intel\\Intel(R) Management Engine Components\\IPT;C:\\Program Files (x86)\\ATI Technologies\\ATI.ACE\\Core-Static;D:\\web\\MYSQL\\bin;D:\\linux\\jh\\bin;D:\\web\\php55;C:\\ProgramData\\ComposerSetup\\bin;D:\\git\\TortoiseGit\\bin;C:\\WINDOWS\\system32\\config\\systemprofile\\AppData\\Local\\Microsoft\\WindowsApps'
    'SystemRoot' => 'C:\\WINDOWS'
    'COMSPEC' => 'C:\\WINDOWS\\system32\\cmd.exe'
    'PATHEXT' => '.COM;.EXE;.BAT;.CMD;.VBS;.VBE;.JS;.JSE;.WSF;.WSH;.MSC'
    'WINDIR' => 'C:\\WINDOWS'
    'SERVER_SIGNATURE' => ''
    'SERVER_SOFTWARE' => 'Apache/2.4.18 (Win32) OpenSSL/1.0.2e PHP/5.5.30'
    'SERVER_NAME' => 'www.php.com'
    'SERVER_ADDR' => '127.0.0.1'
    'SERVER_PORT' => '80'
    'REMOTE_ADDR' => '127.0.0.1'
    'DOCUMENT_ROOT' => 'D:/php'
    'REQUEST_SCHEME' => 'http'
    'CONTEXT_PREFIX' => ''
    'CONTEXT_DOCUMENT_ROOT' => 'D:/php'
    'SERVER_ADMIN' => 'admin@phpStudy.net'
    'SCRIPT_FILENAME' => 'D:/php/home/advanced/frontend/web/admin.php'
    'REMOTE_PORT' => '61599'
    'GATEWAY_INTERFACE' => 'CGI/1.1'
    'SERVER_PROTOCOL' => 'HTTP/1.1'
    'REQUEST_METHOD' => 'GET'
    'QUERY_STRING' => 'r=user/index'
    'REQUEST_URI' => '/home/advanced/frontend/web/admin.php?r=user/index'
    'SCRIPT_NAME' => '/home/advanced/frontend/web/admin.php'
    'PHP_SELF' => '/home/advanced/frontend/web/admin.php'
    'REQUEST_TIME_FLOAT' => 1478230998.027
    'REQUEST_TIME' => 1478230998
]
